<?xml version="1.0" encoding="UTF-8"?>
<testng-results skipped="0" failed="0" ignored="0" total="0" passed="0">
  <reporter-output>
  </reporter-output>
  <suite name="com.localhost.runner.TestRunner" duration-ms="10" started-at="2023-02-17T12:34:01Z" finished-at="2023-02-17T12:34:01Z">
    <groups>
    </groups>
    <test name="Command line test" duration-ms="10" started-at="2023-02-17T12:34:01Z" finished-at="2023-02-17T12:34:01Z">
    </test> <!-- Command line test -->
  </suite> <!-- com.localhost.runner.TestRunner -->
</testng-results>
